<?xml version="1.0" encoding="UTF-8"?>
<testsuite name="r5a08_findmyword_tp3.domain.WordTest" tests="4" skipped="0" failures="0" errors="0" timestamp="2025-11-06T11:03:52" hostname="einfolearning" time="0.03">
  <properties/>
  <testcase name="should_check_one_incorrect_letter()" classname="r5a08_findmyword_tp3.domain.WordTest" time="0.028"/>
  <testcase name="should_check_all_score_combinations_correct()" classname="r5a08_findmyword_tp3.domain.WordTest" time="0.0"/>
  <testcase name="should_check_second_letter_wrong_position()" classname="r5a08_findmyword_tp3.domain.WordTest" time="0.001"/>
  <testcase name="should_check_one_correct_letter()" classname="r5a08_findmyword_tp3.domain.WordTest" time="0.0"/>
  <system-out><![CDATA[]]></system-out>
  <system-err><![CDATA[]]></system-err>
</testsuite>
